Analizador Lexico
Autor: Eduardo Rosales
using = Identificador
System = Identificador
; = FinSentencia
using = Identificador
System = Identificador
. = Caracter
Collections = Identificador
. = Caracter
Generic = Identificador
; = FinSentencia
using = Identificador
System = Identificador
. = Caracter
Linq = Identificador
; = FinSentencia
using = Identificador
System = Identificador
. = Caracter
Threading = Identificador
. = Caracter
Tasks = Identificador
; = FinSentencia
static = Identificador
void = Identificador
Main = Identificador
( = Caracter
string = Identificador
[ = Caracter
] = Caracter
args = Identificador
) = Caracter
{ = Inicio
int = TipoDato
a = Identificador
; = FinSentencia
int = TipoDato
i = Identificador
, = Caracter
j = Identificador
, = Caracter
k = Identificador
, = Caracter
l = Identificador
, = Caracter
m = Identificador
, = Caracter
n = Identificador
; = FinSentencia
i = Identificador
= = Asignacion
5 = Numero
; = FinSentencia
a = Identificador
= = Asignacion
50 = Numero
; = FinSentencia
a = Identificador
++ = IncTermino
; = FinSentencia
a = Identificador
-- = IncTermino
; = FinSentencia
a = Identificador
= = Asignacion
250 = Numero
; = FinSentencia
a = Identificador
%= = IncFactor
2 = Numero
; = FinSentencia
} = Fin
 = Fin
Stack:
5 50 250 2 
a()Int)=0
i()Int)=0
j()Int)=0
k()Int)=0
l()Int)=0
m()Int)=0
n()Int)=0
